23-Jan-2018 14:54:26.447 INFO [main] org.apache.catalina.startup.VersionLoggerListener.log Server version:        Apache Tomcat/8.0.33
23-Jan-2018 14:54:26.448 INFO [main] org.apache.catalina.startup.VersionLoggerListener.log Server built:          Mar 18 2016 20:31:49 UTC
23-Jan-2018 14:54:26.449 INFO [main] org.apache.catalina.startup.VersionLoggerListener.log Server number:         8.0.33.0
23-Jan-2018 14:54:26.449 INFO [main] org.apache.catalina.startup.VersionLoggerListener.log OS Name:               Windows 7
23-Jan-2018 14:54:26.449 INFO [main] org.apache.catalina.startup.VersionLoggerListener.log OS Version:            6.1
23-Jan-2018 14:54:26.449 INFO [main] org.apache.catalina.startup.VersionLoggerListener.log Architecture:          amd64
23-Jan-2018 14:54:26.450 INFO [main] org.apache.catalina.startup.VersionLoggerListener.log Java Home:             C:\Program Files\Java\jdk1.8.0_60\jre
23-Jan-2018 14:54:26.450 INFO [main] org.apache.catalina.startup.VersionLoggerListener.log JVM Version:           1.8.0_60-b27
23-Jan-2018 14:54:26.450 INFO [main] org.apache.catalina.startup.VersionLoggerListener.log JVM Vendor:            Oracle Corporation
23-Jan-2018 14:54:26.450 INFO [main] org.apache.catalina.startup.VersionLoggerListener.log CATALINA_BASE:         C:\tomcat8
23-Jan-2018 14:54:26.450 INFO [main] org.apache.catalina.startup.VersionLoggerListener.log CATALINA_HOME:         C:\tomcat8
23-Jan-2018 14:54:26.451 INFO [main] org.apache.catalina.startup.VersionLoggerListener.log Command line argument: -Djava.util.logging.config.file=C:\tomcat8\conf\logging.properties
23-Jan-2018 14:54:26.451 INFO [main] org.apache.catalina.startup.VersionLoggerListener.log Command line argument: -Djava.util.logging.manager=org.apache.juli.ClassLoaderLogManager
23-Jan-2018 14:54:26.452 INFO [main] org.apache.catalina.startup.VersionLoggerListener.log Command line argument: -Djava.endorsed.dirs=C:\tomcat8\endorsed
23-Jan-2018 14:54:26.452 INFO [main] org.apache.catalina.startup.VersionLoggerListener.log Command line argument: -Dcatalina.base=C:\tomcat8
23-Jan-2018 14:54:26.453 INFO [main] org.apache.catalina.startup.VersionLoggerListener.log Command line argument: -Dcatalina.home=C:\tomcat8
23-Jan-2018 14:54:26.453 INFO [main] org.apache.catalina.startup.VersionLoggerListener.log Command line argument: -Djava.io.tmpdir=C:\tomcat8\temp
23-Jan-2018 14:54:26.453 INFO [main] org.apache.catalina.core.AprLifecycleListener.lifecycleEvent Loaded APR based Apache Tomcat Native library 1.2.5 using APR version 1.5.1.
23-Jan-2018 14:54:26.454 INFO [main] org.apache.catalina.core.AprLifecycleListener.lifecycleEvent APR capabilities: IPv6 [true], sendfile [true], accept filters [false], random [true].
23-Jan-2018 14:54:27.231 INFO [main] org.apache.catalina.core.AprLifecycleListener.initializeSSL OpenSSL successfully initialized (OpenSSL 1.0.2g  1 Mar 2016)
23-Jan-2018 14:54:28.322 INFO [main] org.apache.coyote.AbstractProtocol.init Initializing ProtocolHandler ["http-apr-8080"]
23-Jan-2018 14:54:28.333 INFO [main] org.apache.coyote.AbstractProtocol.init Initializing ProtocolHandler ["ajp-apr-8009"]
23-Jan-2018 14:54:28.335 INFO [main] org.apache.catalina.startup.Catalina.load Initialization processed in 4164 ms
23-Jan-2018 14:54:28.449 INFO [main] org.apache.catalina.core.StandardService.startInternal Starting service Catalina
23-Jan-2018 14:54:28.450 INFO [main] org.apache.catalina.core.StandardEngine.startInternal Starting Servlet Engine: Apache Tomcat/8.0.33
23-Jan-2018 14:54:28.492 INFO [localhost-startStop-1] org.apache.catalina.startup.HostConfig.deployDirectory Deploying web application directory C:\tomcat8\webapps\docs
23-Jan-2018 14:54:29.379 INFO [localhost-startStop-1] org.apache.catalina.util.SessionIdGeneratorBase.createSecureRandom Creation of SecureRandom instance for session ID generation using [SHA1PRNG] took [261] milliseconds.
23-Jan-2018 14:54:29.444 INFO [localhost-startStop-1] org.apache.catalina.startup.HostConfig.deployDirectory Deployment of web application directory C:\tomcat8\webapps\docs has finished in 952 ms
23-Jan-2018 14:54:29.445 INFO [localhost-startStop-1] org.apache.catalina.startup.HostConfig.deployDirectory Deploying web application directory C:\tomcat8\webapps\examples
23-Jan-2018 14:54:30.906 INFO [localhost-startStop-1] org.apache.catalina.startup.HostConfig.deployDirectory Deployment of web application directory C:\tomcat8\webapps\examples has finished in 1,461 ms
23-Jan-2018 14:54:30.906 INFO [localhost-startStop-1] org.apache.catalina.startup.HostConfig.deployDirectory Deploying web application directory C:\tomcat8\webapps\host-manager
23-Jan-2018 14:54:30.950 INFO [localhost-startStop-1] org.apache.catalina.startup.HostConfig.deployDirectory Deployment of web application directory C:\tomcat8\webapps\host-manager has finished in 44 ms
23-Jan-2018 14:54:30.951 INFO [localhost-startStop-1] org.apache.catalina.startup.HostConfig.deployDirectory Deploying web application directory C:\tomcat8\webapps\manager
23-Jan-2018 14:54:31.018 INFO [localhost-startStop-1] org.apache.catalina.startup.HostConfig.deployDirectory Deployment of web application directory C:\tomcat8\webapps\manager has finished in 67 ms
23-Jan-2018 14:54:31.019 INFO [localhost-startStop-1] org.apache.catalina.startup.HostConfig.deployDirectory Deploying web application directory C:\tomcat8\webapps\ROOT
23-Jan-2018 14:54:31.048 INFO [localhost-startStop-1] org.apache.catalina.startup.HostConfig.deployDirectory Deployment of web application directory C:\tomcat8\webapps\ROOT has finished in 29 ms
23-Jan-2018 14:54:31.052 INFO [main] org.apache.coyote.AbstractProtocol.start Starting ProtocolHandler ["http-apr-8080"]
23-Jan-2018 14:54:31.066 INFO [main] org.apache.coyote.AbstractProtocol.start Starting ProtocolHandler ["ajp-apr-8009"]
23-Jan-2018 14:54:31.072 INFO [main] org.apache.catalina.startup.Catalina.start Server startup in 2737 ms
